[0.131s] DEBUG:colcon:Command line arguments: ['/usr/bin/colcon', 'list', '-p', '--base-paths', '/home/vboxuser/Desktop/rover_gazebo']
[0.131s] DEBUG:colcon:Parsed command line arguments: Namespace(log_base=None, log_level=None, verb_name='list', build_base='build', ignore_user_meta=False, metas=['./colcon.meta'], base_paths=['/home/vboxuser/Desktop/rover_gazebo'], packages_ignore=None, packages_ignore_regex=None, paths=None, packages_up_to=None, packages_up_to_regex=None, packages_above=None, packages_above_and_dependencies=None, packages_above_depth=None, packages_select_by_dep=None, packages_skip_by_dep=None, packages_skip_up_to=None, packages_select_build_failed=False, packages_skip_build_finished=False, packages_select_test_failures=False, packages_skip_test_passed=False, packages_select=None, packages_skip=None, packages_select_regex=None, packages_skip_regex=None, packages_start=None, packages_end=None, allow_overriding=[], topological_order=False, names_only=False, paths_only=True, topological_graph=False, topological_graph_dot=False, topological_graph_density=False, topological_graph_legend=False, topological_graph_dot_cluster=False, topological_graph_dot_include_skipped=False, verb_parser=<colcon_defaults.argument_parser.defaults.DefaultArgumentsDecorator object at 0x74dc8a3f80d0>, verb_extension=<colcon_package_information.verb.list.ListVerb object at 0x74dc8a560910>, main=<bound method ListVerb.main of <colcon_package_information.verb.list.ListVerb object at 0x74dc8a560910>>)
[0.368s] Level 1:colcon.colcon_core.package_discovery:discover_packages(colcon_meta) check parameters
[0.368s] Level 1:colcon.colcon_core.package_discovery:discover_packages(recursive) check parameters
[0.368s] Level 1:colcon.colcon_core.package_discovery:discover_packages(ignore) check parameters
[0.368s] Level 1:colcon.colcon_core.package_discovery:discover_packages(path) check parameters
[0.369s] Level 1:colcon.colcon_core.package_discovery:discover_packages(recursive) discover
[0.369s] INFO:colcon.colcon_core.package_discovery:Crawling recursively for packages in '/home/vboxuser/Desktop/rover_gazebo'
[0.369s] Level 1:colcon.colcon_core.package_identification:_identify(/home/vboxuser/Desktop/rover_gazebo) by extensions ['ignore', 'ignore_ament_install']
[0.369s] Level 1:colcon.colcon_core.package_identification:_identify(/home/vboxuser/Desktop/rover_gazebo) by extension 'ignore'
[0.369s] Level 1:colcon.colcon_core.package_identification:_identify(/home/vboxuser/Desktop/rover_gazebo) by extension 'ignore_ament_install'
[0.369s] Level 1:colcon.colcon_core.package_identification:_identify(/home/vboxuser/Desktop/rover_gazebo) by extensions ['colcon_pkg']
[0.369s] Level 1:colcon.colcon_core.package_identification:_identify(/home/vboxuser/Desktop/rover_gazebo) by extension 'colcon_pkg'
[0.369s] Level 1:colcon.colcon_core.package_identification:_identify(/home/vboxuser/Desktop/rover_gazebo) by extensions ['colcon_meta']
[0.370s] Level 1:colcon.colcon_core.package_identification:_identify(/home/vboxuser/Desktop/rover_gazebo) by extension 'colcon_meta'
[0.370s] Level 1:colcon.colcon_core.package_identification:_identify(/home/vboxuser/Desktop/rover_gazebo) by extensions ['ros']
[0.370s] Level 1:colcon.colcon_core.package_identification:_identify(/home/vboxuser/Desktop/rover_gazebo) by extension 'ros'
[0.389s] Level 1:colcon.colcon_core.package_identification:_identify(/home/vboxuser/Desktop/rover_gazebo) by extensions ['cmake', 'python']
[0.389s] Level 1:colcon.colcon_core.package_identification:_identify(/home/vboxuser/Desktop/rover_gazebo) by extension 'cmake'
[0.389s] Level 1:colcon.colcon_core.package_identification:_identify(/home/vboxuser/Desktop/rover_gazebo) by extension 'python'
[0.389s] Level 1:colcon.colcon_core.package_identification:_identify(/home/vboxuser/Desktop/rover_gazebo) by extensions ['python_setup_py']
[0.389s] Level 1:colcon.colcon_core.package_identification:_identify(/home/vboxuser/Desktop/rover_gazebo) by extension 'python_setup_py'
[0.390s] Level 1:colcon.colcon_core.package_identification:_identify(/home/vboxuser/Desktop/rover_gazebo/build) by extensions ['ignore', 'ignore_ament_install']
[0.390s] Level 1:colcon.colcon_core.package_identification:_identify(/home/vboxuser/Desktop/rover_gazebo/build) by extension 'ignore'
[0.390s] Level 1:colcon.colcon_core.package_identification:_identify(/home/vboxuser/Desktop/rover_gazebo/build) ignored
[0.391s] Level 1:colcon.colcon_core.package_identification:_identify(/home/vboxuser/Desktop/rover_gazebo/install) by extensions ['ignore', 'ignore_ament_install']
[0.391s] Level 1:colcon.colcon_core.package_identification:_identify(/home/vboxuser/Desktop/rover_gazebo/install) by extension 'ignore'
[0.391s] Level 1:colcon.colcon_core.package_identification:_identify(/home/vboxuser/Desktop/rover_gazebo/install) ignored
[0.391s] Level 1:colcon.colcon_core.package_identification:_identify(/home/vboxuser/Desktop/rover_gazebo/log) by extensions ['ignore', 'ignore_ament_install']
[0.391s] Level 1:colcon.colcon_core.package_identification:_identify(/home/vboxuser/Desktop/rover_gazebo/log) by extension 'ignore'
[0.391s] Level 1:colcon.colcon_core.package_identification:_identify(/home/vboxuser/Desktop/rover_gazebo/log) ignored
[0.391s] Level 1:colcon.colcon_core.package_identification:_identify(/home/vboxuser/Desktop/rover_gazebo/src) by extensions ['ignore', 'ignore_ament_install']
[0.391s] Level 1:colcon.colcon_core.package_identification:_identify(/home/vboxuser/Desktop/rover_gazebo/src) by extension 'ignore'
[0.391s] Level 1:colcon.colcon_core.package_identification:_identify(/home/vboxuser/Desktop/rover_gazebo/src) by extension 'ignore_ament_install'
[0.391s] Level 1:colcon.colcon_core.package_identification:_identify(/home/vboxuser/Desktop/rover_gazebo/src) by extensions ['colcon_pkg']
[0.391s] Level 1:colcon.colcon_core.package_identification:_identify(/home/vboxuser/Desktop/rover_gazebo/src) by extension 'colcon_pkg'
[0.391s] Level 1:colcon.colcon_core.package_identification:_identify(/home/vboxuser/Desktop/rover_gazebo/src) by extensions ['colcon_meta']
[0.391s] Level 1:colcon.colcon_core.package_identification:_identify(/home/vboxuser/Desktop/rover_gazebo/src) by extension 'colcon_meta'
[0.391s] Level 1:colcon.colcon_core.package_identification:_identify(/home/vboxuser/Desktop/rover_gazebo/src) by extensions ['ros']
[0.391s] Level 1:colcon.colcon_core.package_identification:_identify(/home/vboxuser/Desktop/rover_gazebo/src) by extension 'ros'
[0.391s] Level 1:colcon.colcon_core.package_identification:_identify(/home/vboxuser/Desktop/rover_gazebo/src) by extensions ['cmake', 'python']
[0.392s] Level 1:colcon.colcon_core.package_identification:_identify(/home/vboxuser/Desktop/rover_gazebo/src) by extension 'cmake'
[0.392s] Level 1:colcon.colcon_core.package_identification:_identify(/home/vboxuser/Desktop/rover_gazebo/src) by extension 'python'
[0.392s] Level 1:colcon.colcon_core.package_identification:_identify(/home/vboxuser/Desktop/rover_gazebo/src) by extensions ['python_setup_py']
[0.392s] Level 1:colcon.colcon_core.package_identification:_identify(/home/vboxuser/Desktop/rover_gazebo/src) by extension 'python_setup_py'
[0.392s] Level 1:colcon.colcon_core.package_identification:_identify(/home/vboxuser/Desktop/rover_gazebo/src/aero_25_simulations) by extensions ['ignore', 'ignore_ament_install']
[0.392s] Level 1:colcon.colcon_core.package_identification:_identify(/home/vboxuser/Desktop/rover_gazebo/src/aero_25_simulations) by extension 'ignore'
[0.392s] Level 1:colcon.colcon_core.package_identification:_identify(/home/vboxuser/Desktop/rover_gazebo/src/aero_25_simulations) by extension 'ignore_ament_install'
[0.392s] Level 1:colcon.colcon_core.package_identification:_identify(/home/vboxuser/Desktop/rover_gazebo/src/aero_25_simulations) by extensions ['colcon_pkg']
[0.392s] Level 1:colcon.colcon_core.package_identification:_identify(/home/vboxuser/Desktop/rover_gazebo/src/aero_25_simulations) by extension 'colcon_pkg'
[0.392s] Level 1:colcon.colcon_core.package_identification:_identify(/home/vboxuser/Desktop/rover_gazebo/src/aero_25_simulations) by extensions ['colcon_meta']
[0.392s] Level 1:colcon.colcon_core.package_identification:_identify(/home/vboxuser/Desktop/rover_gazebo/src/aero_25_simulations) by extension 'colcon_meta'
[0.392s] Level 1:colcon.colcon_core.package_identification:_identify(/home/vboxuser/Desktop/rover_gazebo/src/aero_25_simulations) by extensions ['ros']
[0.392s] Level 1:colcon.colcon_core.package_identification:_identify(/home/vboxuser/Desktop/rover_gazebo/src/aero_25_simulations) by extension 'ros'
[0.392s] Level 1:colcon.colcon_core.package_identification:_identify(/home/vboxuser/Desktop/rover_gazebo/src/aero_25_simulations) by extensions ['cmake', 'python']
[0.392s] Level 1:colcon.colcon_core.package_identification:_identify(/home/vboxuser/Desktop/rover_gazebo/src/aero_25_simulations) by extension 'cmake'
[0.392s] Level 1:colcon.colcon_core.package_identification:_identify(/home/vboxuser/Desktop/rover_gazebo/src/aero_25_simulations) by extension 'python'
[0.392s] Level 1:colcon.colcon_core.package_identification:_identify(/home/vboxuser/Desktop/rover_gazebo/src/aero_25_simulations) by extensions ['python_setup_py']
[0.392s] Level 1:colcon.colcon_core.package_identification:_identify(/home/vboxuser/Desktop/rover_gazebo/src/aero_25_simulations) by extension 'python_setup_py'
[0.393s] Level 1:colcon.colcon_core.package_identification:_identify(/home/vboxuser/Desktop/rover_gazebo/src/aero_25_simulations/aero_description) by extensions ['ignore', 'ignore_ament_install']
[0.393s] Level 1:colcon.colcon_core.package_identification:_identify(/home/vboxuser/Desktop/rover_gazebo/src/aero_25_simulations/aero_description) by extension 'ignore'
[0.393s] Level 1:colcon.colcon_core.package_identification:_identify(/home/vboxuser/Desktop/rover_gazebo/src/aero_25_simulations/aero_description) by extension 'ignore_ament_install'
[0.393s] Level 1:colcon.colcon_core.package_identification:_identify(/home/vboxuser/Desktop/rover_gazebo/src/aero_25_simulations/aero_description) by extensions ['colcon_pkg']
[0.393s] Level 1:colcon.colcon_core.package_identification:_identify(/home/vboxuser/Desktop/rover_gazebo/src/aero_25_simulations/aero_description) by extension 'colcon_pkg'
[0.393s] Level 1:colcon.colcon_core.package_identification:_identify(/home/vboxuser/Desktop/rover_gazebo/src/aero_25_simulations/aero_description) by extensions ['colcon_meta']
[0.393s] Level 1:colcon.colcon_core.package_identification:_identify(/home/vboxuser/Desktop/rover_gazebo/src/aero_25_simulations/aero_description) by extension 'colcon_meta'
[0.393s] Level 1:colcon.colcon_core.package_identification:_identify(/home/vboxuser/Desktop/rover_gazebo/src/aero_25_simulations/aero_description) by extensions ['ros']
[0.393s] Level 1:colcon.colcon_core.package_identification:_identify(/home/vboxuser/Desktop/rover_gazebo/src/aero_25_simulations/aero_description) by extension 'ros'
[0.397s] DEBUG:colcon.colcon_core.package_identification:Package '/home/vboxuser/Desktop/rover_gazebo/src/aero_25_simulations/aero_description' with type 'ros.ament_cmake' and name 'aero_description'
[0.397s] Level 1:colcon.colcon_core.package_discovery:discover_packages(recursive) using defaults
