[0.015s] Invoking command in '/home/vboxuser/Desktop/rover_gazebo/build/aero_description': CMAKE_PREFIX_PATH=/opt/ros/humble:${CMAKE_PREFIX_PATH} /usr/bin/cmake /home/vboxuser/Desktop/rover_gazebo/src/aero_description -DCMAKE_INSTALL_PREFIX=/home/vboxuser/Desktop/rover_gazebo/install/aero_description
[0.130s] -- The C compiler identification is GNU 11.4.0
[0.223s] -- The CXX compiler identification is GNU 11.4.0
[0.241s] -- Detecting C compiler ABI info
[0.320s] -- Detecting C compiler ABI info - done
[0.328s] -- Check for working C compiler: /usr/bin/cc - skipped
[0.328s] -- Detecting C compile features
[0.328s] -- Detecting C compile features - done
[0.331s] -- Detecting CXX compiler ABI info
[0.432s] -- Detecting CXX compiler ABI info - done
[0.443s] -- Check for working CXX compiler: /usr/bin/c++ - skipped
[0.443s] -- Detecting CXX compile features
[0.444s] -- Detecting CXX compile features - done
[0.462s] -- Found ament_cmake: 1.3.11 (/opt/ros/humble/share/ament_cmake/cmake)
[0.615s] -- Found Python3: /usr/bin/python3 (found version "3.10.12") found components: Interpreter 
[0.773s] -- Configuring done
[0.773s] -- Generating done
[0.775s] -- Build files have been written to: /home/vboxuser/Desktop/rover_gazebo/build/aero_description
[0.779s] Invoked command in '/home/vboxuser/Desktop/rover_gazebo/build/aero_description' returned '0': CMAKE_PREFIX_PATH=/opt/ros/humble:${CMAKE_PREFIX_PATH} /usr/bin/cmake /home/vboxuser/Desktop/rover_gazebo/src/aero_description -DCMAKE_INSTALL_PREFIX=/home/vboxuser/Desktop/rover_gazebo/install/aero_description
[0.781s] Invoking command in '/home/vboxuser/Desktop/rover_gazebo/build/aero_description': CMAKE_PREFIX_PATH=/opt/ros/humble:${CMAKE_PREFIX_PATH} /usr/bin/cmake --build /home/vboxuser/Desktop/rover_gazebo/build/aero_description -- -j4 -l4
[0.816s] Invoked command in '/home/vboxuser/Desktop/rover_gazebo/build/aero_description' returned '0': CMAKE_PREFIX_PATH=/opt/ros/humble:${CMAKE_PREFIX_PATH} /usr/bin/cmake --build /home/vboxuser/Desktop/rover_gazebo/build/aero_description -- -j4 -l4
[0.826s] Invoking command in '/home/vboxuser/Desktop/rover_gazebo/build/aero_description': CMAKE_PREFIX_PATH=/opt/ros/humble:${CMAKE_PREFIX_PATH} /usr/bin/cmake --install /home/vboxuser/Desktop/rover_gazebo/build/aero_description
[0.834s] -- Install configuration: ""
[0.834s] -- Installing: /home/vboxuser/Desktop/rover_gazebo/install/aero_description/share/aero_description//urdf
[0.835s] -- Installing: /home/vboxuser/Desktop/rover_gazebo/install/aero_description/share/aero_description//urdf/rover_base.urdf.xacro
[0.835s] -- Installing: /home/vboxuser/Desktop/rover_gazebo/install/aero_description/share/aero_description//launch
[0.835s] -- Installing: /home/vboxuser/Desktop/rover_gazebo/install/aero_description/share/aero_description//launch/display.launch.py
[0.835s] -- Installing: /home/vboxuser/Desktop/rover_gazebo/install/aero_description/share/aero_description//meshes
[0.835s] -- Installing: /home/vboxuser/Desktop/rover_gazebo/install/aero_description/share/aero_description//meshes/link_rb.STL
[0.835s] -- Installing: /home/vboxuser/Desktop/rover_gazebo/install/aero_description/share/aero_description//meshes/link_lb.STL
[0.836s] -- Installing: /home/vboxuser/Desktop/rover_gazebo/install/aero_description/share/aero_description//meshes/base_link.STL
[0.845s] -- Installing: /home/vboxuser/Desktop/rover_gazebo/install/aero_description/share/aero_description//meshes/link_lf.STL
[0.846s] -- Installing: /home/vboxuser/Desktop/rover_gazebo/install/aero_description/share/aero_description//meshes/link_rf.STL
[0.846s] -- Installing: /home/vboxuser/Desktop/rover_gazebo/install/aero_description/share/aero_description//config
[0.846s] -- Installing: /home/vboxuser/Desktop/rover_gazebo/install/aero_description/share/aero_description//config/rviz_config.rviz
[0.847s] -- Installing: /home/vboxuser/Desktop/rover_gazebo/install/aero_description/share/ament_index/resource_index/package_run_dependencies/aero_description
[0.847s] -- Installing: /home/vboxuser/Desktop/rover_gazebo/install/aero_description/share/ament_index/resource_index/parent_prefix_path/aero_description
[0.847s] -- Installing: /home/vboxuser/Desktop/rover_gazebo/install/aero_description/share/aero_description/environment/ament_prefix_path.sh
[0.847s] -- Installing: /home/vboxuser/Desktop/rover_gazebo/install/aero_description/share/aero_description/environment/ament_prefix_path.dsv
[0.849s] -- Installing: /home/vboxuser/Desktop/rover_gazebo/install/aero_description/share/aero_description/environment/path.sh
[0.849s] -- Installing: /home/vboxuser/Desktop/rover_gazebo/install/aero_description/share/aero_description/environment/path.dsv
[0.849s] -- Installing: /home/vboxuser/Desktop/rover_gazebo/install/aero_description/share/aero_description/local_setup.bash
[0.849s] -- Installing: /home/vboxuser/Desktop/rover_gazebo/install/aero_description/share/aero_description/local_setup.sh
[0.849s] -- Installing: /home/vboxuser/Desktop/rover_gazebo/install/aero_description/share/aero_description/local_setup.zsh
[0.849s] -- Installing: /home/vboxuser/Desktop/rover_gazebo/install/aero_description/share/aero_description/local_setup.dsv
[0.849s] -- Installing: /home/vboxuser/Desktop/rover_gazebo/install/aero_description/share/aero_description/package.dsv
[0.849s] -- Installing: /home/vboxuser/Desktop/rover_gazebo/install/aero_description/share/ament_index/resource_index/packages/aero_description
[0.849s] -- Installing: /home/vboxuser/Desktop/rover_gazebo/install/aero_description/share/aero_description/cmake/aero_descriptionConfig.cmake
[0.849s] -- Installing: /home/vboxuser/Desktop/rover_gazebo/install/aero_description/share/aero_description/cmake/aero_descriptionConfig-version.cmake
[0.849s] -- Installing: /home/vboxuser/Desktop/rover_gazebo/install/aero_description/share/aero_description/package.xml
[0.851s] Invoked command in '/home/vboxuser/Desktop/rover_gazebo/build/aero_description' returned '0': CMAKE_PREFIX_PATH=/opt/ros/humble:${CMAKE_PREFIX_PATH} /usr/bin/cmake --install /home/vboxuser/Desktop/rover_gazebo/build/aero_description
