-- Install configuration: ""
-- Up-to-date: /home/vboxuser/Desktop/rover_gazebo/install/aero_description/share/aero_description//urdf
-- Up-to-date: /home/vboxuser/Desktop/rover_gazebo/install/aero_description/share/aero_description//urdf/rover_base.urdf.xacro
-- Up-to-date: /home/vboxuser/Desktop/rover_gazebo/install/aero_description/share/aero_description//launch
-- Installing: /home/vboxuser/Desktop/rover_gazebo/install/aero_description/share/aero_description//launch/gazebo.launch.py
-- Up-to-date: /home/vboxuser/Desktop/rover_gazebo/install/aero_description/share/aero_description//launch/display.launch.py
-- Up-to-date: /home/vboxuser/Desktop/rover_gazebo/install/aero_description/share/aero_description//meshes
-- Up-to-date: /home/vboxuser/Desktop/rover_gazebo/install/aero_description/share/aero_description//meshes/link_rb.STL
-- Up-to-date: /home/vboxuser/Desktop/rover_gazebo/install/aero_description/share/aero_description//meshes/link_lb.STL
-- Up-to-date: /home/vboxuser/Desktop/rover_gazebo/install/aero_description/share/aero_description//meshes/base_link.STL
-- Up-to-date: /home/vboxuser/Desktop/rover_gazebo/install/aero_description/share/aero_description//meshes/link_lf.STL
-- Up-to-date: /home/vboxuser/Desktop/rover_gazebo/install/aero_description/share/aero_description//meshes/link_rf.STL
-- Up-to-date: /home/vboxuser/Desktop/rover_gazebo/install/aero_description/share/aero_description//config
-- Up-to-date: /home/vboxuser/Desktop/rover_gazebo/install/aero_description/share/aero_description//config/rviz_config.rviz
-- Up-to-date: /home/vboxuser/Desktop/rover_gazebo/install/aero_description/share/ament_index/resource_index/package_run_dependencies/aero_description
-- Up-to-date: /home/vboxuser/Desktop/rover_gazebo/install/aero_description/share/ament_index/resource_index/parent_prefix_path/aero_description
-- Up-to-date: /home/vboxuser/Desktop/rover_gazebo/install/aero_description/share/aero_description/environment/ament_prefix_path.sh
-- Up-to-date: /home/vboxuser/Desktop/rover_gazebo/install/aero_description/share/aero_description/environment/ament_prefix_path.dsv
-- Up-to-date: /home/vboxuser/Desktop/rover_gazebo/install/aero_description/share/aero_description/environment/path.sh
-- Up-to-date: /home/vboxuser/Desktop/rover_gazebo/install/aero_description/share/aero_description/environment/path.dsv
-- Up-to-date: /home/vboxuser/Desktop/rover_gazebo/install/aero_description/share/aero_description/local_setup.bash
-- Up-to-date: /home/vboxuser/Desktop/rover_gazebo/install/aero_description/share/aero_description/local_setup.sh
-- Up-to-date: /home/vboxuser/Desktop/rover_gazebo/install/aero_description/share/aero_description/local_setup.zsh
-- Up-to-date: /home/vboxuser/Desktop/rover_gazebo/install/aero_description/share/aero_description/local_setup.dsv
-- Installing: /home/vboxuser/Desktop/rover_gazebo/install/aero_description/share/aero_description/package.dsv
-- Up-to-date: /home/vboxuser/Desktop/rover_gazebo/install/aero_description/share/ament_index/resource_index/packages/aero_description
-- Up-to-date: /home/vboxuser/Desktop/rover_gazebo/install/aero_description/share/aero_description/cmake/aero_descriptionConfig.cmake
-- Up-to-date: /home/vboxuser/Desktop/rover_gazebo/install/aero_description/share/aero_description/cmake/aero_descriptionConfig-version.cmake
-- Up-to-date: /home/vboxuser/Desktop/rover_gazebo/install/aero_description/share/aero_description/package.xml
