[0.010s] Invoking command in '/home/vboxuser/Desktop/rover_gazebo/build/aero_description': CMAKE_PREFIX_PATH=/opt/ros/humble /usr/bin/cmake --build /home/vboxuser/Desktop/rover_gazebo/build/aero_description -- -j4 -l4
[0.052s] Invoked command in '/home/vboxuser/Desktop/rover_gazebo/build/aero_description' returned '0': CMAKE_PREFIX_PATH=/opt/ros/humble /usr/bin/cmake --build /home/vboxuser/Desktop/rover_gazebo/build/aero_description -- -j4 -l4
[0.060s] Invoking command in '/home/vboxuser/Desktop/rover_gazebo/build/aero_description': CMAKE_PREFIX_PATH=/opt/ros/humble /usr/bin/cmake --install /home/vboxuser/Desktop/rover_gazebo/build/aero_description
[0.068s] -- Install configuration: ""
[0.068s] -- Up-to-date: /home/vboxuser/Desktop/rover_gazebo/install/aero_description/share/aero_description//urdf
[0.068s] -- Up-to-date: /home/vboxuser/Desktop/rover_gazebo/install/aero_description/share/aero_description//urdf/rover_base.urdf.xacro
[0.068s] -- Up-to-date: /home/vboxuser/Desktop/rover_gazebo/install/aero_description/share/aero_description//launch
[0.068s] -- Installing: /home/vboxuser/Desktop/rover_gazebo/install/aero_description/share/aero_description//launch/gazebo.launch.py
[0.068s] -- Up-to-date: /home/vboxuser/Desktop/rover_gazebo/install/aero_description/share/aero_description//launch/display.launch.py
[0.069s] -- Up-to-date: /home/vboxuser/Desktop/rover_gazebo/install/aero_description/share/aero_description//meshes
[0.069s] -- Up-to-date: /home/vboxuser/Desktop/rover_gazebo/install/aero_description/share/aero_description//meshes/link_rb.STL
[0.069s] -- Up-to-date: /home/vboxuser/Desktop/rover_gazebo/install/aero_description/share/aero_description//meshes/link_lb.STL
[0.069s] -- Up-to-date: /home/vboxuser/Desktop/rover_gazebo/install/aero_description/share/aero_description//meshes/base_link.STL
[0.069s] -- Up-to-date: /home/vboxuser/Desktop/rover_gazebo/install/aero_description/share/aero_description//meshes/link_lf.STL
[0.069s] -- Up-to-date: /home/vboxuser/Desktop/rover_gazebo/install/aero_description/share/aero_description//meshes/link_rf.STL
[0.069s] -- Up-to-date: /home/vboxuser/Desktop/rover_gazebo/install/aero_description/share/aero_description//config
[0.069s] -- Up-to-date: /home/vboxuser/Desktop/rover_gazebo/install/aero_description/share/aero_description//config/rviz_config.rviz
[0.069s] -- Up-to-date: /home/vboxuser/Desktop/rover_gazebo/install/aero_description/share/ament_index/resource_index/package_run_dependencies/aero_description
[0.069s] -- Up-to-date: /home/vboxuser/Desktop/rover_gazebo/install/aero_description/share/ament_index/resource_index/parent_prefix_path/aero_description
[0.069s] -- Up-to-date: /home/vboxuser/Desktop/rover_gazebo/install/aero_description/share/aero_description/environment/ament_prefix_path.sh
[0.069s] -- Up-to-date: /home/vboxuser/Desktop/rover_gazebo/install/aero_description/share/aero_description/environment/ament_prefix_path.dsv
[0.069s] -- Up-to-date: /home/vboxuser/Desktop/rover_gazebo/install/aero_description/share/aero_description/environment/path.sh
[0.069s] -- Up-to-date: /home/vboxuser/Desktop/rover_gazebo/install/aero_description/share/aero_description/environment/path.dsv
[0.069s] -- Up-to-date: /home/vboxuser/Desktop/rover_gazebo/install/aero_description/share/aero_description/local_setup.bash
[0.069s] -- Up-to-date: /home/vboxuser/Desktop/rover_gazebo/install/aero_description/share/aero_description/local_setup.sh
[0.069s] -- Up-to-date: /home/vboxuser/Desktop/rover_gazebo/install/aero_description/share/aero_description/local_setup.zsh
[0.069s] -- Up-to-date: /home/vboxuser/Desktop/rover_gazebo/install/aero_description/share/aero_description/local_setup.dsv
[0.069s] -- Installing: /home/vboxuser/Desktop/rover_gazebo/install/aero_description/share/aero_description/package.dsv
[0.069s] -- Up-to-date: /home/vboxuser/Desktop/rover_gazebo/install/aero_description/share/ament_index/resource_index/packages/aero_description
[0.069s] -- Up-to-date: /home/vboxuser/Desktop/rover_gazebo/install/aero_description/share/aero_description/cmake/aero_descriptionConfig.cmake
[0.070s] -- Up-to-date: /home/vboxuser/Desktop/rover_gazebo/install/aero_description/share/aero_description/cmake/aero_descriptionConfig-version.cmake
[0.070s] -- Up-to-date: /home/vboxuser/Desktop/rover_gazebo/install/aero_description/share/aero_description/package.xml
[0.077s] Invoked command in '/home/vboxuser/Desktop/rover_gazebo/build/aero_description' returned '0': CMAKE_PREFIX_PATH=/opt/ros/humble /usr/bin/cmake --install /home/vboxuser/Desktop/rover_gazebo/build/aero_description
